<?xml version="1.0" encoding="UTF-8"?>
<!-- Generated by org.testng.reporters.JUnitReportReporter -->
<testsuite hostname="LAPTOP-GOQCKQFE" failures="0" tests="1" name="Test.LoginpageTest" time="64.856" errors="0" timestamp="2022-06-06T21:31:19 IST" skipped="0">
  <testcase classname="Test.LoginpageTest" name="forgotpass" time="64.856"/>
  <system-out/>
</testsuite> <!-- Test.LoginpageTest -->
