<?xml version="1.0" encoding="UTF-8"?>
<!-- Generated by org.testng.reporters.JUnitReportReporter -->
<testsuite hostname="LAPTOP-GOQCKQFE" failures="0" tests="1" name="Test.Xyz" time="71.023" errors="0" timestamp="2022-06-08T18:24:47 IST" skipped="0">
  <testcase classname="Test.Xyz" name="DragnDrop" time="71.023"/>
  <system-out/>
</testsuite> <!-- Test.Xyz -->
