<?xml version="1.0" encoding="UTF-8"?>
<!-- Generated by org.testng.reporters.JUnitReportReporter -->
<testsuite hostname="LAPTOP-GOQCKQFE" failures="0" tests="1" name="Test.AngelTest" time="34.612" errors="0" timestamp="2022-06-16T20:28:56 IST" skipped="0">
  <testcase classname="Test.AngelTest" name="Angeltest" time="34.612"/>
  <system-out/>
</testsuite> <!-- Test.AngelTest -->
