<?xml version="1.0" encoding="UTF-8"?>
<!-- Generated by org.testng.reporters.JUnitReportReporter -->
<testsuite hostname="LAPTOP-GOQCKQFE" failures="0" tests="1" name="Test.PinpageTest" time="43.717" errors="0" timestamp="2022-06-16T20:51:36 IST" skipped="0">
  <testcase classname="Test.PinpageTest" name="loginwithvalidpinTest" time="43.717"/>
  <system-out/>
</testsuite> <!-- Test.PinpageTest -->
